pos/0001.jpg 1 0 0 50 50
pos/0002.jpg 1 0 0 50 50
pos/0003.jpg 1 0 0 50 50
pos/0004.jpg 1 0 0 50 50
pos/0005.jpg 1 0 0 50 50
pos/0006.jpg 1 0 0 50 50
pos/0007.jpg 1 0 0 50 50
pos/0008.jpg 1 0 0 50 50
pos/0009.jpg 1 0 0 50 50
pos/0010.jpg 1 0 0 50 50
pos/0011.jpg 1 0 0 50 50
pos/0012.jpg 1 0 0 50 50
pos/0013.jpg 1 0 0 50 50
pos/0014.jpg 1 0 0 50 50
pos/0015.jpg 1 0 0 50 50
pos/0016.jpg 1 0 0 50 50
pos/0017.jpg 1 0 0 50 50
pos/0018.jpg 1 0 0 50 50
pos/0019.jpg 1 0 0 50 50
pos/0020.jpg 1 0 0 50 50
pos/0021.jpg 1 0 0 50 50
pos/0022.jpg 1 0 0 50 50
pos/0023.jpg 1 0 0 50 50
pos/0024.jpg 1 0 0 50 50
pos/0025.jpg 1 0 0 50 50
pos/0026.jpg 1 0 0 50 50
pos/0027.jpg 1 0 0 50 50
pos/0028.jpg 1 0 0 50 50
pos/0029.jpg 1 0 0 50 50
pos/0030.jpg 1 0 0 50 50
pos/0031.jpg 1 0 0 50 50
pos/0032.jpg 1 0 0 50 50
pos/0033.jpg 1 0 0 50 50
pos/0034.jpg 1 0 0 50 50
pos/0035.jpg 1 0 0 50 50
pos/0036.jpg 1 0 0 50 50
pos/0037.jpg 1 0 0 50 50
pos/0038.jpg 1 0 0 50 50
pos/0039.jpg 1 0 0 50 50
pos/0040.jpg 1 0 0 50 50
pos/0041.jpg 1 0 0 50 50
pos/0042.jpg 1 0 0 50 50
pos/0043.jpg 1 0 0 50 50
pos/0044.jpg 1 0 0 50 50
pos/0045.jpg 1 0 0 50 50
pos/0046.jpg 1 0 0 50 50
pos/0047.jpg 1 0 0 50 50
pos/0048.jpg 1 0 0 50 50
pos/0049.jpg 1 0 0 50 50
pos/0050.jpg 1 0 0 50 50
pos/0051.jpg 1 0 0 50 50
pos/0052.jpg 1 0 0 50 50
pos/0053.jpg 1 0 0 50 50
pos/0054.jpg 1 0 0 50 50
pos/0055.jpg 1 0 0 50 50
pos/0056.jpg 1 0 0 50 50
pos/0057.jpg 1 0 0 50 50
pos/0058.jpg 1 0 0 50 50
pos/0059.jpg 1 0 0 50 50
pos/0060.jpg 1 0 0 50 50
pos/0061.jpg 1 0 0 50 50
pos/0062.jpg 1 0 0 50 50
pos/0063.jpg 1 0 0 50 50
pos/0064.jpg 1 0 0 50 50
pos/0065.jpg 1 0 0 50 50
pos/0066.jpg 1 0 0 50 50
pos/0067.jpg 1 0 0 50 50
pos/0068.jpg 1 0 0 50 50
pos/0069.jpg 1 0 0 50 50
pos/0070.jpg 1 0 0 50 50
pos/0071.jpg 1 0 0 50 50
pos/0072.jpg 1 0 0 50 50
pos/0073.jpg 1 0 0 50 50
pos/0074.jpg 1 0 0 50 50
pos/0075.jpg 1 0 0 50 50
pos/0076.jpg 1 0 0 50 50
pos/0077.jpg 1 0 0 50 50
pos/0078.jpg 1 0 0 50 50
pos/0079.jpg 1 0 0 50 50
pos/0080.jpg 1 0 0 50 50
pos/0081.jpg 1 0 0 50 50
pos/0082.jpg 1 0 0 50 50
pos/0083.jpg 1 0 0 50 50
pos/0084.jpg 1 0 0 50 50
pos/0085.jpg 1 0 0 50 50
pos/0086.jpg 1 0 0 50 50
pos/0087.jpg 1 0 0 50 50
pos/0088.jpg 1 0 0 50 50
pos/0089.jpg 1 0 0 50 50
pos/0090.jpg 1 0 0 50 50
pos/0091.jpg 1 0 0 50 50
pos/0092.jpg 1 0 0 50 50
pos/0093.jpg 1 0 0 50 50
pos/0094.jpg 1 0 0 50 50
pos/0095.jpg 1 0 0 50 50
pos/0096.jpg 1 0 0 50 50
pos/0097.jpg 1 0 0 50 50
pos/0098.jpg 1 0 0 50 50
pos/0099.jpg 1 0 0 50 50
pos/0100.jpg 1 0 0 50 50
pos/0101.jpg 1 0 0 50 50
pos/0102.jpg 1 0 0 50 50
pos/0103.jpg 1 0 0 50 50
pos/0104.jpg 1 0 0 50 50
pos/0105.jpg 1 0 0 50 50
pos/0106.jpg 1 0 0 50 50
pos/0107.jpg 1 0 0 50 50
pos/0108.jpg 1 0 0 50 50
pos/0109.jpg 1 0 0 50 50
pos/0110.jpg 1 0 0 50 50
pos/0111.jpg 1 0 0 50 50
pos/0112.jpg 1 0 0 50 50
pos/0113.jpg 1 0 0 50 50
pos/0114.jpg 1 0 0 50 50
pos/0115.jpg 1 0 0 50 50
pos/0116.jpg 1 0 0 50 50
pos/0117.jpg 1 0 0 50 50
pos/0118.jpg 1 0 0 50 50
pos/0119.jpg 1 0 0 50 50
pos/0120.jpg 1 0 0 50 50
pos/0121.jpg 1 0 0 50 50
pos/0122.jpg 1 0 0 50 50
pos/0123.jpg 1 0 0 50 50
pos/0124.jpg 1 0 0 50 50
pos/0125.jpg 1 0 0 50 50
pos/0126.jpg 1 0 0 50 50
pos/0127.jpg 1 0 0 50 50
pos/0128.jpg 1 0 0 50 50
pos/0129.jpg 1 0 0 50 50
pos/0130.jpg 1 0 0 50 50
pos/0131.jpg 1 0 0 50 50
pos/0132.jpg 1 0 0 50 50
pos/0133.jpg 1 0 0 50 50
pos/0134.jpg 1 0 0 50 50
pos/0135.jpg 1 0 0 50 50
pos/0136.jpg 1 0 0 50 50
pos/0137.jpg 1 0 0 50 50
pos/0138.jpg 1 0 0 50 50
pos/0139.jpg 1 0 0 50 50
pos/0140.jpg 1 0 0 50 50
pos/0141.jpg 1 0 0 50 50
pos/0142.jpg 1 0 0 50 50
pos/0143.jpg 1 0 0 50 50
pos/0144.jpg 1 0 0 50 50
pos/0145.jpg 1 0 0 50 50
pos/0146.jpg 1 0 0 50 50
pos/0147.jpg 1 0 0 50 50
pos/0148.jpg 1 0 0 50 50
pos/0149.jpg 1 0 0 50 50
pos/0150.jpg 1 0 0 50 50
pos/0151.jpg 1 0 0 50 50
pos/0152.jpg 1 0 0 50 50
pos/0153.jpg 1 0 0 50 50
pos/0154.jpg 1 0 0 50 50
pos/0155.jpg 1 0 0 50 50
pos/0156.jpg 1 0 0 50 50
pos/0157.jpg 1 0 0 50 50
pos/0158.jpg 1 0 0 50 50
pos/0159.jpg 1 0 0 50 50
pos/0160.jpg 1 0 0 50 50
pos/0161.jpg 1 0 0 50 50
pos/0162.jpg 1 0 0 50 50
pos/0163.jpg 1 0 0 50 50
pos/0164.jpg 1 0 0 50 50
pos/0165.jpg 1 0 0 50 50
pos/0166.jpg 1 0 0 50 50
pos/0167.jpg 1 0 0 50 50
pos/0168.jpg 1 0 0 50 50
pos/0169.jpg 1 0 0 50 50
pos/0170.jpg 1 0 0 50 50
pos/0171.jpg 1 0 0 50 50
pos/0172.jpg 1 0 0 50 50
pos/0173.jpg 1 0 0 50 50
pos/0174.jpg 1 0 0 50 50
pos/0175.jpg 1 0 0 50 50
pos/0176.jpg 1 0 0 50 50
pos/0177.jpg 1 0 0 50 50
pos/0178.jpg 1 0 0 50 50
pos/0179.jpg 1 0 0 50 50
pos/0180.jpg 1 0 0 50 50
pos/0181.jpg 1 0 0 50 50
pos/0182.jpg 1 0 0 50 50
pos/0183.jpg 1 0 0 50 50
pos/0184.jpg 1 0 0 50 50
pos/0185.jpg 1 0 0 50 50
pos/0186.jpg 1 0 0 50 50
pos/0187.jpg 1 0 0 50 50
pos/0188.jpg 1 0 0 50 50
pos/0189.jpg 1 0 0 50 50
pos/0190.jpg 1 0 0 50 50
pos/0191.jpg 1 0 0 50 50
pos/0192.jpg 1 0 0 50 50
pos/0193.jpg 1 0 0 50 50
pos/0194.jpg 1 0 0 50 50
pos/0195.jpg 1 0 0 50 50
pos/0196.jpg 1 0 0 50 50
pos/0197.jpg 1 0 0 50 50
pos/0198.jpg 1 0 0 50 50
pos/0199.jpg 1 0 0 50 50
pos/0200.jpg 1 0 0 50 50
pos/0201.jpg 1 0 0 50 50
pos/0202.jpg 1 0 0 50 50
pos/0203.jpg 1 0 0 50 50
pos/0204.jpg 1 0 0 50 50
pos/0205.jpg 1 0 0 50 50
pos/0206.jpg 1 0 0 50 50
pos/0207.jpg 1 0 0 50 50
pos/0208.jpg 1 0 0 50 50
pos/0209.jpg 1 0 0 50 50
pos/0210.jpg 1 0 0 50 50
pos/0211.jpg 1 0 0 50 50
pos/0212.jpg 1 0 0 50 50
pos/0213.jpg 1 0 0 50 50
pos/0214.jpg 1 0 0 50 50
pos/0215.jpg 1 0 0 50 50
pos/0216.jpg 1 0 0 50 50
pos/0217.jpg 1 0 0 50 50
pos/0218.jpg 1 0 0 50 50
pos/0219.jpg 1 0 0 50 50
pos/0220.jpg 1 0 0 50 50
pos/0221.jpg 1 0 0 50 50
pos/0222.jpg 1 0 0 50 50
pos/0223.jpg 1 0 0 50 50
pos/0224.jpg 1 0 0 50 50
pos/0225.jpg 1 0 0 50 50
pos/0226.jpg 1 0 0 50 50
pos/0227.jpg 1 0 0 50 50
pos/0228.jpg 1 0 0 50 50
pos/0229.jpg 1 0 0 50 50
pos/0230.jpg 1 0 0 50 50
pos/0231.jpg 1 0 0 50 50
pos/0232.jpg 1 0 0 50 50
pos/0233.jpg 1 0 0 50 50
pos/0234.jpg 1 0 0 50 50
pos/0235.jpg 1 0 0 50 50
pos/0236.jpg 1 0 0 50 50
pos/0237.jpg 1 0 0 50 50
pos/0238.jpg 1 0 0 50 50
pos/0239.jpg 1 0 0 50 50
pos/0240.jpg 1 0 0 50 50
pos/0241.jpg 1 0 0 50 50
pos/0242.jpg 1 0 0 50 50
pos/0243.jpg 1 0 0 50 50
pos/0244.jpg 1 0 0 50 50
pos/0245.jpg 1 0 0 50 50
pos/0246.jpg 1 0 0 50 50
pos/0247.jpg 1 0 0 50 50
pos/0248.jpg 1 0 0 50 50
pos/0249.jpg 1 0 0 50 50
pos/0250.jpg 1 0 0 50 50
pos/0251.jpg 1 0 0 50 50
pos/0252.jpg 1 0 0 50 50
pos/0253.jpg 1 0 0 50 50
pos/0254.jpg 1 0 0 50 50
pos/0255.jpg 1 0 0 50 50
pos/0256.jpg 1 0 0 50 50
pos/0257.jpg 1 0 0 50 50
pos/0258.jpg 1 0 0 50 50
pos/0259.jpg 1 0 0 50 50
pos/0260.jpg 1 0 0 50 50
pos/0261.jpg 1 0 0 50 50
pos/0262.jpg 1 0 0 50 50
pos/0263.jpg 1 0 0 50 50
pos/0264.jpg 1 0 0 50 50
pos/0265.jpg 1 0 0 50 50
pos/0266.jpg 1 0 0 50 50
pos/0267.jpg 1 0 0 50 50
pos/0268.jpg 1 0 0 50 50
pos/0269.jpg 1 0 0 50 50
pos/0270.jpg 1 0 0 50 50
pos/0271.jpg 1 0 0 50 50
pos/0272.jpg 1 0 0 50 50
pos/0273.jpg 1 0 0 50 50
pos/0274.jpg 1 0 0 50 50
pos/0275.jpg 1 0 0 50 50
pos/0276.jpg 1 0 0 50 50
pos/0277.jpg 1 0 0 50 50
pos/0278.jpg 1 0 0 50 50
pos/0279.jpg 1 0 0 50 50
pos/0280.jpg 1 0 0 50 50
pos/0281.jpg 1 0 0 50 50
pos/0282.jpg 1 0 0 50 50
pos/0283.jpg 1 0 0 50 50
pos/0284.jpg 1 0 0 50 50
pos/0285.jpg 1 0 0 50 50
pos/0286.jpg 1 0 0 50 50
pos/0287.jpg 1 0 0 50 50
pos/0288.jpg 1 0 0 50 50
pos/0289.jpg 1 0 0 50 50
pos/0290.jpg 1 0 0 50 50
pos/0291.jpg 1 0 0 50 50
pos/0292.jpg 1 0 0 50 50
pos/0293.jpg 1 0 0 50 50
pos/0294.jpg 1 0 0 50 50
pos/0295.jpg 1 0 0 50 50
pos/0296.jpg 1 0 0 50 50
pos/0297.jpg 1 0 0 50 50
pos/0298.jpg 1 0 0 50 50
pos/0299.jpg 1 0 0 50 50
pos/0300.jpg 1 0 0 50 50
pos/0301.jpg 1 0 0 50 50
pos/0302.jpg 1 0 0 50 50
pos/0303.jpg 1 0 0 50 50
pos/0304.jpg 1 0 0 50 50
pos/0305.jpg 1 0 0 50 50
pos/0306.jpg 1 0 0 50 50
pos/0307.jpg 1 0 0 50 50
pos/0308.jpg 1 0 0 50 50
pos/0309.jpg 1 0 0 50 50
pos/0310.jpg 1 0 0 50 50
pos/0311.jpg 1 0 0 50 50
pos/0312.jpg 1 0 0 50 50
pos/0313.jpg 1 0 0 50 50
pos/0314.jpg 1 0 0 50 50
pos/0315.jpg 1 0 0 50 50
pos/0316.jpg 1 0 0 50 50
pos/0317.jpg 1 0 0 50 50
pos/0318.jpg 1 0 0 50 50
pos/0319.jpg 1 0 0 50 50
pos/0320.jpg 1 0 0 50 50
pos/0321.jpg 1 0 0 50 50
pos/0322.jpg 1 0 0 50 50
pos/0323.jpg 1 0 0 50 50
pos/0324.jpg 1 0 0 50 50
pos/0325.jpg 1 0 0 50 50
pos/0326.jpg 1 0 0 50 50
pos/0327.jpg 1 0 0 50 50
pos/0328.jpg 1 0 0 50 50
pos/0329.jpg 1 0 0 50 50
pos/0330.jpg 1 0 0 50 50
pos/0331.jpg 1 0 0 50 50
pos/0332.jpg 1 0 0 50 50
pos/0333.jpg 1 0 0 50 50
pos/0334.jpg 1 0 0 50 50
pos/0335.jpg 1 0 0 50 50
pos/0336.jpg 1 0 0 50 50
pos/0337.jpg 1 0 0 50 50
pos/0338.jpg 1 0 0 50 50
pos/0339.jpg 1 0 0 50 50
pos/0340.jpg 1 0 0 50 50
pos/0341.jpg 1 0 0 50 50
pos/0342.jpg 1 0 0 50 50
pos/0343.jpg 1 0 0 50 50
pos/0344.jpg 1 0 0 50 50
pos/0345.jpg 1 0 0 50 50
pos/0346.jpg 1 0 0 50 50
pos/0347.jpg 1 0 0 50 50
pos/0348.jpg 1 0 0 50 50
pos/0349.jpg 1 0 0 50 50
pos/0350.jpg 1 0 0 50 50
pos/0351.jpg 1 0 0 50 50
pos/0352.jpg 1 0 0 50 50
pos/0353.jpg 1 0 0 50 50
pos/0354.jpg 1 0 0 50 50
pos/0355.jpg 1 0 0 50 50
pos/0356.jpg 1 0 0 50 50
pos/0357.jpg 1 0 0 50 50
pos/0358.jpg 1 0 0 50 50
pos/0359.jpg 1 0 0 50 50
pos/0360.jpg 1 0 0 50 50
pos/0361.jpg 1 0 0 50 50
pos/0362.jpg 1 0 0 50 50
pos/0363.jpg 1 0 0 50 50
pos/0364.jpg 1 0 0 50 50
pos/0365.jpg 1 0 0 50 50
pos/0366.jpg 1 0 0 50 50
pos/0367.jpg 1 0 0 50 50
pos/0368.jpg 1 0 0 50 50
pos/0369.jpg 1 0 0 50 50
pos/0370.jpg 1 0 0 50 50
pos/0371.jpg 1 0 0 50 50
pos/0372.jpg 1 0 0 50 50
pos/0373.jpg 1 0 0 50 50
pos/0374.jpg 1 0 0 50 50
pos/0375.jpg 1 0 0 50 50
pos/0376.jpg 1 0 0 50 50
pos/0377.jpg 1 0 0 50 50
pos/0378.jpg 1 0 0 50 50
pos/0379.jpg 1 0 0 50 50
pos/0380.jpg 1 0 0 50 50
pos/0381.jpg 1 0 0 50 50
pos/0382.jpg 1 0 0 50 50
pos/0383.jpg 1 0 0 50 50
pos/0384.jpg 1 0 0 50 50
pos/0385.jpg 1 0 0 50 50
pos/0386.jpg 1 0 0 50 50
pos/0387.jpg 1 0 0 50 50
pos/0388.jpg 1 0 0 50 50
pos/0389.jpg 1 0 0 50 50
pos/0390.jpg 1 0 0 50 50
pos/0391.jpg 1 0 0 50 50
pos/0392.jpg 1 0 0 50 50
pos/0393.jpg 1 0 0 50 50
pos/0394.jpg 1 0 0 50 50
pos/0395.jpg 1 0 0 50 50
pos/0396.jpg 1 0 0 50 50
pos/0397.jpg 1 0 0 50 50
pos/0398.jpg 1 0 0 50 50
pos/0399.jpg 1 0 0 50 50
pos/0400.jpg 1 0 0 50 50
pos/0401.jpg 1 0 0 50 50
pos/0402.jpg 1 0 0 50 50
pos/0403.jpg 1 0 0 50 50
pos/0404.jpg 1 0 0 50 50
pos/0405.jpg 1 0 0 50 50
pos/0406.jpg 1 0 0 50 50
pos/0407.jpg 1 0 0 50 50
pos/0408.jpg 1 0 0 50 50
pos/0409.jpg 1 0 0 50 50
pos/0410.jpg 1 0 0 50 50
pos/0411.jpg 1 0 0 50 50
pos/0412.jpg 1 0 0 50 50
pos/0413.jpg 1 0 0 50 50
pos/0414.jpg 1 0 0 50 50
pos/0415.jpg 1 0 0 50 50
pos/0416.jpg 1 0 0 50 50
pos/0417.jpg 1 0 0 50 50
pos/0418.jpg 1 0 0 50 50
pos/0419.jpg 1 0 0 50 50
pos/0420.jpg 1 0 0 50 50
pos/0421.jpg 1 0 0 50 50
pos/0422.jpg 1 0 0 50 50
pos/0423.jpg 1 0 0 50 50
pos/0424.jpg 1 0 0 50 50
pos/0425.jpg 1 0 0 50 50
pos/0426.jpg 1 0 0 50 50
pos/0427.jpg 1 0 0 50 50
pos/0428.jpg 1 0 0 50 50
pos/0429.jpg 1 0 0 50 50
pos/0430.jpg 1 0 0 50 50
pos/0431.jpg 1 0 0 50 50
pos/0432.jpg 1 0 0 50 50
pos/0433.jpg 1 0 0 50 50
pos/0434.jpg 1 0 0 50 50
pos/0435.jpg 1 0 0 50 50
pos/0436.jpg 1 0 0 50 50
pos/0437.jpg 1 0 0 50 50
pos/0438.jpg 1 0 0 50 50
pos/0439.jpg 1 0 0 50 50
pos/0440.jpg 1 0 0 50 50
pos/0441.jpg 1 0 0 50 50
pos/0442.jpg 1 0 0 50 50
pos/0443.jpg 1 0 0 50 50
pos/0444.jpg 1 0 0 50 50
pos/0445.jpg 1 0 0 50 50
pos/0446.jpg 1 0 0 50 50
pos/0447.jpg 1 0 0 50 50
pos/0448.jpg 1 0 0 50 50
pos/0449.jpg 1 0 0 50 50
pos/0450.jpg 1 0 0 50 50
pos/0451.jpg 1 0 0 50 50
pos/0452.jpg 1 0 0 50 50
pos/0453.jpg 1 0 0 50 50
pos/0454.jpg 1 0 0 50 50
pos/0455.jpg 1 0 0 50 50
pos/0456.jpg 1 0 0 50 50
pos/0457.jpg 1 0 0 50 50
pos/0458.jpg 1 0 0 50 50
pos/0459.jpg 1 0 0 50 50
pos/0460.jpg 1 0 0 50 50
pos/0461.jpg 1 0 0 50 50
pos/0462.jpg 1 0 0 50 50
pos/0463.jpg 1 0 0 50 50
pos/0464.jpg 1 0 0 50 50
pos/0465.jpg 1 0 0 50 50
pos/0466.jpg 1 0 0 50 50
pos/0467.jpg 1 0 0 50 50
pos/0468.jpg 1 0 0 50 50
pos/0469.jpg 1 0 0 50 50
pos/0470.jpg 1 0 0 50 50
pos/0471.jpg 1 0 0 50 50
pos/0472.jpg 1 0 0 50 50
pos/0473.jpg 1 0 0 50 50
pos/0474.jpg 1 0 0 50 50
pos/0475.jpg 1 0 0 50 50
pos/0476.jpg 1 0 0 50 50
pos/0477.jpg 1 0 0 50 50
pos/0478.jpg 1 0 0 50 50
pos/0479.jpg 1 0 0 50 50
pos/0480.jpg 1 0 0 50 50
pos/0481.jpg 1 0 0 50 50
pos/0482.jpg 1 0 0 50 50
pos/0483.jpg 1 0 0 50 50
pos/0484.jpg 1 0 0 50 50
pos/0485.jpg 1 0 0 50 50
pos/0486.jpg 1 0 0 50 50
pos/0487.jpg 1 0 0 50 50
pos/0488.jpg 1 0 0 50 50
pos/0489.jpg 1 0 0 50 50
pos/0490.jpg 1 0 0 50 50
pos/0491.jpg 1 0 0 50 50
pos/0492.jpg 1 0 0 50 50
pos/0493.jpg 1 0 0 50 50
pos/0494.jpg 1 0 0 50 50
pos/0495.jpg 1 0 0 50 50
pos/0496.jpg 1 0 0 50 50
pos/0497.jpg 1 0 0 50 50
pos/0498.jpg 1 0 0 50 50
pos/0499.jpg 1 0 0 50 50
pos/0500.jpg 1 0 0 50 50
pos/0501.jpg 1 0 0 50 50
pos/0502.jpg 1 0 0 50 50
pos/0503.jpg 1 0 0 50 50
pos/0504.jpg 1 0 0 50 50
pos/0505.jpg 1 0 0 50 50
pos/0506.jpg 1 0 0 50 50
pos/0507.jpg 1 0 0 50 50
pos/0508.jpg 1 0 0 50 50
pos/0509.jpg 1 0 0 50 50
pos/0510.jpg 1 0 0 50 50
pos/0511.jpg 1 0 0 50 50
pos/0512.jpg 1 0 0 50 50
pos/0513.jpg 1 0 0 50 50
pos/0514.jpg 1 0 0 50 50
pos/0515.jpg 1 0 0 50 50
pos/0516.jpg 1 0 0 50 50
pos/0517.jpg 1 0 0 50 50
pos/0518.jpg 1 0 0 50 50
pos/0519.jpg 1 0 0 50 50
pos/0520.jpg 1 0 0 50 50
pos/0521.jpg 1 0 0 50 50
pos/0522.jpg 1 0 0 50 50
pos/0523.jpg 1 0 0 50 50
pos/0524.jpg 1 0 0 50 50
pos/0525.jpg 1 0 0 50 50
pos/0526.jpg 1 0 0 50 50
pos/0527.jpg 1 0 0 50 50
pos/0528.jpg 1 0 0 50 50
pos/0529.jpg 1 0 0 50 50
pos/0530.jpg 1 0 0 50 50
pos/0531.jpg 1 0 0 50 50
pos/0532.jpg 1 0 0 50 50
pos/0533.jpg 1 0 0 50 50
pos/0534.jpg 1 0 0 50 50
pos/0535.jpg 1 0 0 50 50
pos/0536.jpg 1 0 0 50 50
pos/0537.jpg 1 0 0 50 50
pos/0538.jpg 1 0 0 50 50
pos/0539.jpg 1 0 0 50 50
pos/0540.jpg 1 0 0 50 50
pos/0541.jpg 1 0 0 50 50
pos/0542.jpg 1 0 0 50 50
pos/0543.jpg 1 0 0 50 50
pos/0544.jpg 1 0 0 50 50
pos/0545.jpg 1 0 0 50 50
pos/0546.jpg 1 0 0 50 50
pos/0547.jpg 1 0 0 50 50
pos/0548.jpg 1 0 0 50 50
pos/0549.jpg 1 0 0 50 50
pos/0550.jpg 1 0 0 50 50
pos/0551.jpg 1 0 0 50 50
pos/0552.jpg 1 0 0 50 50
pos/0553.jpg 1 0 0 50 50
pos/0554.jpg 1 0 0 50 50
pos/0555.jpg 1 0 0 50 50
pos/0556.jpg 1 0 0 50 50
pos/0557.jpg 1 0 0 50 50
pos/0558.jpg 1 0 0 50 50
pos/0559.jpg 1 0 0 50 50
pos/0560.jpg 1 0 0 50 50
pos/0561.jpg 1 0 0 50 50
pos/0562.jpg 1 0 0 50 50
pos/0563.jpg 1 0 0 50 50
pos/0564.jpg 1 0 0 50 50
pos/0565.jpg 1 0 0 50 50
pos/0566.jpg 1 0 0 50 50
pos/0567.jpg 1 0 0 50 50
pos/0568.jpg 1 0 0 50 50
pos/0569.jpg 1 0 0 50 50
pos/0570.jpg 1 0 0 50 50
pos/0571.jpg 1 0 0 50 50
pos/0572.jpg 1 0 0 50 50
pos/0573.jpg 1 0 0 50 50
pos/0574.jpg 1 0 0 50 50
pos/0575.jpg 1 0 0 50 50
pos/0576.jpg 1 0 0 50 50
pos/0577.jpg 1 0 0 50 50
pos/0578.jpg 1 0 0 50 50
pos/0579.jpg 1 0 0 50 50
pos/0580.jpg 1 0 0 50 50
pos/0581.jpg 1 0 0 50 50
pos/0582.jpg 1 0 0 50 50
pos/0583.jpg 1 0 0 50 50
pos/0584.jpg 1 0 0 50 50
pos/0585.jpg 1 0 0 50 50
pos/0586.jpg 1 0 0 50 50
pos/0587.jpg 1 0 0 50 50
pos/0588.jpg 1 0 0 50 50
pos/0589.jpg 1 0 0 50 50
pos/0590.jpg 1 0 0 50 50
pos/0591.jpg 1 0 0 50 50
pos/0592.jpg 1 0 0 50 50
pos/0593.jpg 1 0 0 50 50
pos/0594.jpg 1 0 0 50 50
pos/0595.jpg 1 0 0 50 50
pos/0596.jpg 1 0 0 50 50
pos/0597.jpg 1 0 0 50 50
pos/0598.jpg 1 0 0 50 50
pos/0599.jpg 1 0 0 50 50
pos/0600.jpg 1 0 0 50 50
pos/0601.jpg 1 0 0 50 50
pos/0602.jpg 1 0 0 50 50
pos/0603.jpg 1 0 0 50 50
pos/0604.jpg 1 0 0 50 50
pos/0605.jpg 1 0 0 50 50
pos/0606.jpg 1 0 0 50 50
pos/0607.jpg 1 0 0 50 50
pos/0608.jpg 1 0 0 50 50
pos/0609.jpg 1 0 0 50 50
pos/0610.jpg 1 0 0 50 50
pos/0611.jpg 1 0 0 50 50
pos/0612.jpg 1 0 0 50 50
pos/0613.jpg 1 0 0 50 50
pos/0614.jpg 1 0 0 50 50
pos/0615.jpg 1 0 0 50 50
pos/0616.jpg 1 0 0 50 50
pos/0617.jpg 1 0 0 50 50
pos/0618.jpg 1 0 0 50 50
pos/0619.jpg 1 0 0 50 50
pos/0620.jpg 1 0 0 50 50
pos/0621.jpg 1 0 0 50 50
pos/0622.jpg 1 0 0 50 50
pos/0623.jpg 1 0 0 50 50
pos/0624.jpg 1 0 0 50 50
pos/0625.jpg 1 0 0 50 50
pos/0626.jpg 1 0 0 50 50
pos/0627.jpg 1 0 0 50 50
pos/0628.jpg 1 0 0 50 50
pos/0629.jpg 1 0 0 50 50
pos/0630.jpg 1 0 0 50 50
pos/0631.jpg 1 0 0 50 50
pos/0632.jpg 1 0 0 50 50
pos/0633.jpg 1 0 0 50 50
pos/0634.jpg 1 0 0 50 50
pos/0635.jpg 1 0 0 50 50
pos/0636.jpg 1 0 0 50 50
pos/0637.jpg 1 0 0 50 50
pos/0638.jpg 1 0 0 50 50
pos/0639.jpg 1 0 0 50 50
pos/0640.jpg 1 0 0 50 50
pos/0641.jpg 1 0 0 50 50
pos/0642.jpg 1 0 0 50 50
pos/0643.jpg 1 0 0 50 50
pos/0644.jpg 1 0 0 50 50
pos/0645.jpg 1 0 0 50 50
pos/0646.jpg 1 0 0 50 50
pos/0647.jpg 1 0 0 50 50
pos/0648.jpg 1 0 0 50 50
pos/0649.jpg 1 0 0 50 50
pos/0650.jpg 1 0 0 50 50
pos/0651.jpg 1 0 0 50 50
pos/0652.jpg 1 0 0 50 50
pos/0653.jpg 1 0 0 50 50
pos/0654.jpg 1 0 0 50 50
pos/0655.jpg 1 0 0 50 50
pos/0656.jpg 1 0 0 50 50
pos/0657.jpg 1 0 0 50 50
pos/0658.jpg 1 0 0 50 50
pos/0659.jpg 1 0 0 50 50
pos/0660.jpg 1 0 0 50 50
pos/0661.jpg 1 0 0 50 50
pos/0662.jpg 1 0 0 50 50
pos/0663.jpg 1 0 0 50 50
pos/0664.jpg 1 0 0 50 50
pos/0665.jpg 1 0 0 50 50
pos/0666.jpg 1 0 0 50 50
pos/0667.jpg 1 0 0 50 50
pos/0668.jpg 1 0 0 50 50
pos/0669.jpg 1 0 0 50 50
pos/0670.jpg 1 0 0 50 50
pos/0671.jpg 1 0 0 50 50
pos/0672.jpg 1 0 0 50 50
pos/0673.jpg 1 0 0 50 50
pos/0674.jpg 1 0 0 50 50
pos/0675.jpg 1 0 0 50 50
pos/0676.jpg 1 0 0 50 50
pos/0677.jpg 1 0 0 50 50
pos/0678.jpg 1 0 0 50 50
pos/0679.jpg 1 0 0 50 50
pos/0680.jpg 1 0 0 50 50
pos/0681.jpg 1 0 0 50 50
pos/0682.jpg 1 0 0 50 50
pos/0683.jpg 1 0 0 50 50
pos/0684.jpg 1 0 0 50 50
pos/0685.jpg 1 0 0 50 50
pos/0686.jpg 1 0 0 50 50
pos/0687.jpg 1 0 0 50 50
pos/0688.jpg 1 0 0 50 50
pos/0689.jpg 1 0 0 50 50
pos/0690.jpg 1 0 0 50 50
pos/0691.jpg 1 0 0 50 50
pos/0692.jpg 1 0 0 50 50
pos/0693.jpg 1 0 0 50 50
pos/0694.jpg 1 0 0 50 50
pos/0695.jpg 1 0 0 50 50
pos/0696.jpg 1 0 0 50 50
pos/0697.jpg 1 0 0 50 50
pos/0698.jpg 1 0 0 50 50
pos/0699.jpg 1 0 0 50 50
pos/0700.jpg 1 0 0 50 50
pos/0701.jpg 1 0 0 50 50
pos/0702.jpg 1 0 0 50 50
pos/0703.jpg 1 0 0 50 50
pos/0704.jpg 1 0 0 50 50
pos/0705.jpg 1 0 0 50 50
pos/0706.jpg 1 0 0 50 50
pos/0707.jpg 1 0 0 50 50
pos/0708.jpg 1 0 0 50 50
pos/0709.jpg 1 0 0 50 50
pos/0710.jpg 1 0 0 50 50
pos/0711.jpg 1 0 0 50 50
pos/0712.jpg 1 0 0 50 50
pos/0713.jpg 1 0 0 50 50
pos/0714.jpg 1 0 0 50 50
pos/0715.jpg 1 0 0 50 50
pos/0716.jpg 1 0 0 50 50
pos/0717.jpg 1 0 0 50 50
pos/0718.jpg 1 0 0 50 50
pos/0719.jpg 1 0 0 50 50
pos/0720.jpg 1 0 0 50 50
pos/0721.jpg 1 0 0 50 50
pos/0722.jpg 1 0 0 50 50
pos/0723.jpg 1 0 0 50 50
pos/0724.jpg 1 0 0 50 50
pos/0725.jpg 1 0 0 50 50
pos/0726.jpg 1 0 0 50 50
pos/0727.jpg 1 0 0 50 50
pos/0728.jpg 1 0 0 50 50
pos/0729.jpg 1 0 0 50 50
pos/0730.jpg 1 0 0 50 50
pos/0731.jpg 1 0 0 50 50
pos/0732.jpg 1 0 0 50 50
pos/0733.jpg 1 0 0 50 50
pos/0734.jpg 1 0 0 50 50
pos/0735.jpg 1 0 0 50 50
pos/0736.jpg 1 0 0 50 50
pos/0737.jpg 1 0 0 50 50
pos/0738.jpg 1 0 0 50 50
pos/0739.jpg 1 0 0 50 50
pos/0740.jpg 1 0 0 50 50
pos/0741.jpg 1 0 0 50 50
pos/0742.jpg 1 0 0 50 50
pos/0743.jpg 1 0 0 50 50
pos/0744.jpg 1 0 0 50 50
pos/0745.jpg 1 0 0 50 50
pos/0746.jpg 1 0 0 50 50
pos/0747.jpg 1 0 0 50 50
pos/0748.jpg 1 0 0 50 50
pos/0749.jpg 1 0 0 50 50
pos/0750.jpg 1 0 0 50 50
pos/0751.jpg 1 0 0 50 50
pos/0752.jpg 1 0 0 50 50
pos/0753.jpg 1 0 0 50 50
pos/0754.jpg 1 0 0 50 50
pos/0755.jpg 1 0 0 50 50
pos/0756.jpg 1 0 0 50 50
pos/0757.jpg 1 0 0 50 50
pos/0758.jpg 1 0 0 50 50
pos/0759.jpg 1 0 0 50 50
pos/0760.jpg 1 0 0 50 50
pos/0761.jpg 1 0 0 50 50
pos/0762.jpg 1 0 0 50 50
pos/0763.jpg 1 0 0 50 50
pos/0764.jpg 1 0 0 50 50
pos/0765.jpg 1 0 0 50 50
pos/0766.jpg 1 0 0 50 50
pos/0767.jpg 1 0 0 50 50
pos/0768.jpg 1 0 0 50 50
pos/0769.jpg 1 0 0 50 50
pos/0770.jpg 1 0 0 50 50
pos/0771.jpg 1 0 0 50 50
pos/0772.jpg 1 0 0 50 50
pos/0773.jpg 1 0 0 50 50
pos/0774.jpg 1 0 0 50 50
pos/0775.jpg 1 0 0 50 50
pos/0776.jpg 1 0 0 50 50
pos/0777.jpg 1 0 0 50 50
pos/0778.jpg 1 0 0 50 50
pos/0779.jpg 1 0 0 50 50
pos/0780.jpg 1 0 0 50 50
pos/0781.jpg 1 0 0 50 50
pos/0782.jpg 1 0 0 50 50
pos/0783.jpg 1 0 0 50 50
pos/0784.jpg 1 0 0 50 50
pos/0785.jpg 1 0 0 50 50
pos/0786.jpg 1 0 0 50 50
pos/0787.jpg 1 0 0 50 50
pos/0788.jpg 1 0 0 50 50
pos/0789.jpg 1 0 0 50 50
pos/0790.jpg 1 0 0 50 50
pos/0791.jpg 1 0 0 50 50
pos/0792.jpg 1 0 0 50 50
pos/0793.jpg 1 0 0 50 50
pos/0794.jpg 1 0 0 50 50
pos/0795.jpg 1 0 0 50 50
pos/0796.jpg 1 0 0 50 50
pos/0797.jpg 1 0 0 50 50
pos/0798.jpg 1 0 0 50 50
pos/0799.jpg 1 0 0 50 50
pos/0800.jpg 1 0 0 50 50
pos/0801.jpg 1 0 0 50 50
pos/0802.jpg 1 0 0 50 50
pos/0803.jpg 1 0 0 50 50
pos/0804.jpg 1 0 0 50 50
pos/0805.jpg 1 0 0 50 50
pos/0806.jpg 1 0 0 50 50
pos/0807.jpg 1 0 0 50 50
pos/0808.jpg 1 0 0 50 50
pos/0809.jpg 1 0 0 50 50
pos/0810.jpg 1 0 0 50 50
pos/0811.jpg 1 0 0 50 50
pos/0812.jpg 1 0 0 50 50
pos/0813.jpg 1 0 0 50 50
pos/0814.jpg 1 0 0 50 50
pos/0815.jpg 1 0 0 50 50
pos/0816.jpg 1 0 0 50 50
pos/0817.jpg 1 0 0 50 50
pos/0818.jpg 1 0 0 50 50
pos/0819.jpg 1 0 0 50 50
pos/0820.jpg 1 0 0 50 50
pos/0821.jpg 1 0 0 50 50
pos/0822.jpg 1 0 0 50 50
pos/0823.jpg 1 0 0 50 50
pos/0824.jpg 1 0 0 50 50
pos/0825.jpg 1 0 0 50 50
pos/0826.jpg 1 0 0 50 50
pos/0827.jpg 1 0 0 50 50
pos/0828.jpg 1 0 0 50 50
pos/0829.jpg 1 0 0 50 50
pos/0830.jpg 1 0 0 50 50
pos/0831.jpg 1 0 0 50 50
pos/0832.jpg 1 0 0 50 50
pos/0833.jpg 1 0 0 50 50
pos/0834.jpg 1 0 0 50 50
pos/0835.jpg 1 0 0 50 50
pos/0836.jpg 1 0 0 50 50
pos/0837.jpg 1 0 0 50 50
pos/0838.jpg 1 0 0 50 50
pos/0839.jpg 1 0 0 50 50
pos/0840.jpg 1 0 0 50 50
pos/0841.jpg 1 0 0 50 50
pos/0842.jpg 1 0 0 50 50
pos/0843.jpg 1 0 0 50 50
pos/0844.jpg 1 0 0 50 50
pos/0845.jpg 1 0 0 50 50
pos/0846.jpg 1 0 0 50 50
pos/0847.jpg 1 0 0 50 50
pos/0848.jpg 1 0 0 50 50
pos/0849.jpg 1 0 0 50 50
pos/0850.jpg 1 0 0 50 50
pos/0851.jpg 1 0 0 50 50
pos/0852.jpg 1 0 0 50 50
pos/0853.jpg 1 0 0 50 50
pos/0854.jpg 1 0 0 50 50
pos/0855.jpg 1 0 0 50 50
pos/0856.jpg 1 0 0 50 50
pos/0857.jpg 1 0 0 50 50
pos/0858.jpg 1 0 0 50 50
pos/0859.jpg 1 0 0 50 50
pos/0860.jpg 1 0 0 50 50
pos/0861.jpg 1 0 0 50 50
pos/0862.jpg 1 0 0 50 50
pos/0863.jpg 1 0 0 50 50
pos/0864.jpg 1 0 0 50 50
pos/0865.jpg 1 0 0 50 50
pos/0866.jpg 1 0 0 50 50
pos/0867.jpg 1 0 0 50 50
pos/0868.jpg 1 0 0 50 50
pos/0869.jpg 1 0 0 50 50
pos/0870.jpg 1 0 0 50 50
pos/0871.jpg 1 0 0 50 50
pos/0872.jpg 1 0 0 50 50
pos/0873.jpg 1 0 0 50 50
pos/0874.jpg 1 0 0 50 50
pos/0875.jpg 1 0 0 50 50
pos/0876.jpg 1 0 0 50 50
pos/0877.jpg 1 0 0 50 50
pos/0878.jpg 1 0 0 50 50
pos/0879.jpg 1 0 0 50 50
pos/0880.jpg 1 0 0 50 50
pos/0881.jpg 1 0 0 50 50
pos/0882.jpg 1 0 0 50 50
pos/0883.jpg 1 0 0 50 50
pos/0884.jpg 1 0 0 50 50
pos/0885.jpg 1 0 0 50 50
pos/0886.jpg 1 0 0 50 50
pos/0887.jpg 1 0 0 50 50
pos/0888.jpg 1 0 0 50 50
pos/0889.jpg 1 0 0 50 50
pos/0890.jpg 1 0 0 50 50
pos/0891.jpg 1 0 0 50 50
pos/0892.jpg 1 0 0 50 50
pos/0893.jpg 1 0 0 50 50
pos/0894.jpg 1 0 0 50 50
pos/0895.jpg 1 0 0 50 50
pos/0896.jpg 1 0 0 50 50
pos/0897.jpg 1 0 0 50 50
pos/0898.jpg 1 0 0 50 50
pos/0899.jpg 1 0 0 50 50
pos/0900.jpg 1 0 0 50 50
pos/0901.jpg 1 0 0 50 50
pos/0902.jpg 1 0 0 50 50
pos/0903.jpg 1 0 0 50 50
pos/0904.jpg 1 0 0 50 50
pos/0905.jpg 1 0 0 50 50
pos/0906.jpg 1 0 0 50 50
pos/0907.jpg 1 0 0 50 50
pos/0908.jpg 1 0 0 50 50
pos/0909.jpg 1 0 0 50 50
pos/0910.jpg 1 0 0 50 50
pos/0911.jpg 1 0 0 50 50
pos/0912.jpg 1 0 0 50 50
pos/0913.jpg 1 0 0 50 50
pos/0914.jpg 1 0 0 50 50
pos/0915.jpg 1 0 0 50 50
pos/0916.jpg 1 0 0 50 50
pos/0917.jpg 1 0 0 50 50
pos/0918.jpg 1 0 0 50 50
pos/0919.jpg 1 0 0 50 50
pos/0920.jpg 1 0 0 50 50
pos/0921.jpg 1 0 0 50 50
pos/0922.jpg 1 0 0 50 50
pos/0923.jpg 1 0 0 50 50
pos/0924.jpg 1 0 0 50 50
pos/0925.jpg 1 0 0 50 50
pos/0926.jpg 1 0 0 50 50
pos/0927.jpg 1 0 0 50 50
pos/0928.jpg 1 0 0 50 50
pos/0929.jpg 1 0 0 50 50
pos/0930.jpg 1 0 0 50 50
pos/0931.jpg 1 0 0 50 50
pos/0932.jpg 1 0 0 50 50
pos/0933.jpg 1 0 0 50 50
pos/0934.jpg 1 0 0 50 50
pos/0935.jpg 1 0 0 50 50
pos/0936.jpg 1 0 0 50 50
pos/0937.jpg 1 0 0 50 50
pos/0938.jpg 1 0 0 50 50
pos/0939.jpg 1 0 0 50 50
pos/0940.jpg 1 0 0 50 50
pos/0941.jpg 1 0 0 50 50
pos/0942.jpg 1 0 0 50 50
pos/0943.jpg 1 0 0 50 50
pos/0944.jpg 1 0 0 50 50
pos/0945.jpg 1 0 0 50 50
pos/0946.jpg 1 0 0 50 50
pos/0947.jpg 1 0 0 50 50
pos/0948.jpg 1 0 0 50 50
pos/0949.jpg 1 0 0 50 50
pos/0950.jpg 1 0 0 50 50
pos/0951.jpg 1 0 0 50 50
pos/0952.jpg 1 0 0 50 50
pos/0953.jpg 1 0 0 50 50
pos/0954.jpg 1 0 0 50 50
pos/0955.jpg 1 0 0 50 50
pos/0956.jpg 1 0 0 50 50
pos/0957.jpg 1 0 0 50 50
pos/0958.jpg 1 0 0 50 50
pos/0959.jpg 1 0 0 50 50
pos/0960.jpg 1 0 0 50 50
pos/0961.jpg 1 0 0 50 50
pos/0962.jpg 1 0 0 50 50
pos/0963.jpg 1 0 0 50 50
pos/0964.jpg 1 0 0 50 50
pos/0965.jpg 1 0 0 50 50
pos/0966.jpg 1 0 0 50 50
pos/0967.jpg 1 0 0 50 50
pos/0968.jpg 1 0 0 50 50
pos/0969.jpg 1 0 0 50 50
pos/0970.jpg 1 0 0 50 50
pos/0971.jpg 1 0 0 50 50
pos/0972.jpg 1 0 0 50 50
pos/0973.jpg 1 0 0 50 50
pos/0974.jpg 1 0 0 50 50
pos/0975.jpg 1 0 0 50 50
pos/0976.jpg 1 0 0 50 50
pos/0977.jpg 1 0 0 50 50
pos/0978.jpg 1 0 0 50 50
pos/0979.jpg 1 0 0 50 50
pos/0980.jpg 1 0 0 50 50
pos/0981.jpg 1 0 0 50 50
pos/0982.jpg 1 0 0 50 50
pos/0983.jpg 1 0 0 50 50
pos/0984.jpg 1 0 0 50 50
pos/0985.jpg 1 0 0 50 50
pos/0986.jpg 1 0 0 50 50
pos/0987.jpg 1 0 0 50 50
pos/0988.jpg 1 0 0 50 50
pos/0989.jpg 1 0 0 50 50
pos/0990.jpg 1 0 0 50 50
pos/0991.jpg 1 0 0 50 50
pos/0992.jpg 1 0 0 50 50
pos/0993.jpg 1 0 0 50 50
pos/0994.jpg 1 0 0 50 50
pos/0995.jpg 1 0 0 50 50
pos/0996.jpg 1 0 0 50 50
pos/0997.jpg 1 0 0 50 50
pos/0998.jpg 1 0 0 50 50
pos/0999.jpg 1 0 0 50 50
pos/1000.jpg 1 0 0 50 50
pos/1001.jpg 1 0 0 50 50
pos/1002.jpg 1 0 0 50 50
pos/1003.jpg 1 0 0 50 50
pos/1004.jpg 1 0 0 50 50
pos/1005.jpg 1 0 0 50 50
pos/1006.jpg 1 0 0 50 50
pos/1007.jpg 1 0 0 50 50
pos/1008.jpg 1 0 0 50 50
pos/1009.jpg 1 0 0 50 50
pos/1010.jpg 1 0 0 50 50
pos/1011.jpg 1 0 0 50 50
pos/1012.jpg 1 0 0 50 50
pos/1013.jpg 1 0 0 50 50
pos/1014.jpg 1 0 0 50 50
pos/1015.jpg 1 0 0 50 50
pos/1016.jpg 1 0 0 50 50
pos/1017.jpg 1 0 0 50 50
pos/1018.jpg 1 0 0 50 50
pos/1019.jpg 1 0 0 50 50
pos/1020.jpg 1 0 0 50 50
pos/1021.jpg 1 0 0 50 50
pos/1022.jpg 1 0 0 50 50
pos/1023.jpg 1 0 0 50 50
pos/1024.jpg 1 0 0 50 50
pos/1025.jpg 1 0 0 50 50
pos/1026.jpg 1 0 0 50 50
pos/1027.jpg 1 0 0 50 50
pos/1028.jpg 1 0 0 50 50
pos/1029.jpg 1 0 0 50 50
pos/1030.jpg 1 0 0 50 50
pos/1031.jpg 1 0 0 50 50
pos/1032.jpg 1 0 0 50 50
pos/1033.jpg 1 0 0 50 50
pos/1034.jpg 1 0 0 50 50
pos/1035.jpg 1 0 0 50 50
pos/1036.jpg 1 0 0 50 50
pos/1037.jpg 1 0 0 50 50
pos/1038.jpg 1 0 0 50 50
pos/1039.jpg 1 0 0 50 50
pos/1040.jpg 1 0 0 50 50
pos/1041.jpg 1 0 0 50 50
pos/1042.jpg 1 0 0 50 50
pos/1043.jpg 1 0 0 50 50
pos/1044.jpg 1 0 0 50 50
pos/1045.jpg 1 0 0 50 50
pos/1046.jpg 1 0 0 50 50
pos/1047.jpg 1 0 0 50 50
pos/1048.jpg 1 0 0 50 50
pos/1049.jpg 1 0 0 50 50
pos/1050.jpg 1 0 0 50 50
pos/1051.jpg 1 0 0 50 50
pos/1052.jpg 1 0 0 50 50
pos/1053.jpg 1 0 0 50 50
pos/1054.jpg 1 0 0 50 50
pos/1055.jpg 1 0 0 50 50
pos/1056.jpg 1 0 0 50 50
pos/1057.jpg 1 0 0 50 50
pos/1058.jpg 1 0 0 50 50
pos/1059.jpg 1 0 0 50 50
pos/1060.jpg 1 0 0 50 50
pos/1061.jpg 1 0 0 50 50
pos/1062.jpg 1 0 0 50 50
pos/1063.jpg 1 0 0 50 50
pos/1064.jpg 1 0 0 50 50
pos/1065.jpg 1 0 0 50 50
pos/1066.jpg 1 0 0 50 50
pos/1067.jpg 1 0 0 50 50
pos/1068.jpg 1 0 0 50 50
pos/1069.jpg 1 0 0 50 50
pos/1070.jpg 1 0 0 50 50
pos/1071.jpg 1 0 0 50 50
pos/1072.jpg 1 0 0 50 50
pos/1073.jpg 1 0 0 50 50
pos/1074.jpg 1 0 0 50 50
pos/1075.jpg 1 0 0 50 50
pos/1076.jpg 1 0 0 50 50
pos/1077.jpg 1 0 0 50 50
pos/1078.jpg 1 0 0 50 50
pos/1079.jpg 1 0 0 50 50
pos/1080.jpg 1 0 0 50 50
pos/1081.jpg 1 0 0 50 50
pos/1082.jpg 1 0 0 50 50
pos/1083.jpg 1 0 0 50 50
pos/1084.jpg 1 0 0 50 50
pos/1085.jpg 1 0 0 50 50
pos/1086.jpg 1 0 0 50 50
pos/1087.jpg 1 0 0 50 50
pos/1088.jpg 1 0 0 50 50
pos/1089.jpg 1 0 0 50 50
pos/1090.jpg 1 0 0 50 50
pos/1091.jpg 1 0 0 50 50
pos/1092.jpg 1 0 0 50 50
pos/1093.jpg 1 0 0 50 50
pos/1094.jpg 1 0 0 50 50
pos/1095.jpg 1 0 0 50 50
pos/1096.jpg 1 0 0 50 50
pos/1097.jpg 1 0 0 50 50
pos/1098.jpg 1 0 0 50 50
pos/1099.jpg 1 0 0 50 50
pos/1100.jpg 1 0 0 50 50
pos/1101.jpg 1 0 0 50 50
pos/1102.jpg 1 0 0 50 50
pos/1103.jpg 1 0 0 50 50
pos/1104.jpg 1 0 0 50 50
pos/1105.jpg 1 0 0 50 50
pos/1106.jpg 1 0 0 50 50
pos/1107.jpg 1 0 0 50 50
pos/1108.jpg 1 0 0 50 50
pos/1109.jpg 1 0 0 50 50
pos/1110.jpg 1 0 0 50 50
pos/1111.jpg 1 0 0 50 50
pos/1112.jpg 1 0 0 50 50
pos/1113.jpg 1 0 0 50 50
pos/1114.jpg 1 0 0 50 50
pos/1115.jpg 1 0 0 50 50
pos/1116.jpg 1 0 0 50 50
pos/1117.jpg 1 0 0 50 50
pos/1118.jpg 1 0 0 50 50
pos/1119.jpg 1 0 0 50 50
pos/1120.jpg 1 0 0 50 50
pos/1121.jpg 1 0 0 50 50
pos/1122.jpg 1 0 0 50 50
pos/1123.jpg 1 0 0 50 50
pos/1124.jpg 1 0 0 50 50
pos/1125.jpg 1 0 0 50 50
pos/1126.jpg 1 0 0 50 50
pos/1127.jpg 1 0 0 50 50
pos/1128.jpg 1 0 0 50 50
pos/1129.jpg 1 0 0 50 50
pos/1130.jpg 1 0 0 50 50
pos/1131.jpg 1 0 0 50 50
pos/1132.jpg 1 0 0 50 50
pos/1133.jpg 1 0 0 50 50
pos/1134.jpg 1 0 0 50 50
pos/1135.jpg 1 0 0 50 50
pos/1136.jpg 1 0 0 50 50
pos/1137.jpg 1 0 0 50 50
pos/1138.jpg 1 0 0 50 50
pos/1139.jpg 1 0 0 50 50
pos/1140.jpg 1 0 0 50 50
pos/1141.jpg 1 0 0 50 50
pos/1142.jpg 1 0 0 50 50
pos/1143.jpg 1 0 0 50 50
pos/1144.jpg 1 0 0 50 50
pos/1145.jpg 1 0 0 50 50
pos/1146.jpg 1 0 0 50 50
pos/1147.jpg 1 0 0 50 50
pos/1148.jpg 1 0 0 50 50
pos/1149.jpg 1 0 0 50 50
pos/1150.jpg 1 0 0 50 50
pos/1151.jpg 1 0 0 50 50
pos/1152.jpg 1 0 0 50 50
pos/1153.jpg 1 0 0 50 50
pos/1154.jpg 1 0 0 50 50
pos/1155.jpg 1 0 0 50 50
pos/1156.jpg 1 0 0 50 50
pos/1157.jpg 1 0 0 50 50
pos/1158.jpg 1 0 0 50 50
pos/1159.jpg 1 0 0 50 50
pos/1160.jpg 1 0 0 50 50
pos/1161.jpg 1 0 0 50 50
pos/1162.jpg 1 0 0 50 50
pos/1163.jpg 1 0 0 50 50
pos/1164.jpg 1 0 0 50 50
pos/1165.jpg 1 0 0 50 50
pos/1166.jpg 1 0 0 50 50
pos/1167.jpg 1 0 0 50 50
pos/1168.jpg 1 0 0 50 50
pos/1169.jpg 1 0 0 50 50
pos/1170.jpg 1 0 0 50 50
pos/1171.jpg 1 0 0 50 50
pos/1172.jpg 1 0 0 50 50
pos/1173.jpg 1 0 0 50 50
pos/1174.jpg 1 0 0 50 50
pos/1175.jpg 1 0 0 50 50
pos/1176.jpg 1 0 0 50 50
pos/1177.jpg 1 0 0 50 50
pos/1178.jpg 1 0 0 50 50
pos/1179.jpg 1 0 0 50 50
pos/1180.jpg 1 0 0 50 50
pos/1181.jpg 1 0 0 50 50
pos/1182.jpg 1 0 0 50 50
pos/1183.jpg 1 0 0 50 50
pos/1184.jpg 1 0 0 50 50
pos/1185.jpg 1 0 0 50 50
pos/1186.jpg 1 0 0 50 50
pos/1187.jpg 1 0 0 50 50
pos/1188.jpg 1 0 0 50 50
pos/1189.jpg 1 0 0 50 50
pos/1190.jpg 1 0 0 50 50
pos/1191.jpg 1 0 0 50 50
pos/1192.jpg 1 0 0 50 50
pos/1193.jpg 1 0 0 50 50
pos/1194.jpg 1 0 0 50 50
pos/1195.jpg 1 0 0 50 50
pos/1196.jpg 1 0 0 50 50
pos/1197.jpg 1 0 0 50 50
pos/1198.jpg 1 0 0 50 50
pos/1199.jpg 1 0 0 50 50
pos/1200.jpg 1 0 0 50 50
pos/1201.jpg 1 0 0 50 50
pos/1202.jpg 1 0 0 50 50
pos/1203.jpg 1 0 0 50 50
pos/1204.jpg 1 0 0 50 50
pos/1205.jpg 1 0 0 50 50
pos/1206.jpg 1 0 0 50 50
pos/1207.jpg 1 0 0 50 50
pos/1208.jpg 1 0 0 50 50
pos/1209.jpg 1 0 0 50 50
pos/1210.jpg 1 0 0 50 50
pos/1211.jpg 1 0 0 50 50
pos/1212.jpg 1 0 0 50 50
pos/1213.jpg 1 0 0 50 50
pos/1214.jpg 1 0 0 50 50
pos/1215.jpg 1 0 0 50 50
pos/1216.jpg 1 0 0 50 50
pos/1217.jpg 1 0 0 50 50
pos/1218.jpg 1 0 0 50 50
pos/1219.jpg 1 0 0 50 50
pos/1220.jpg 1 0 0 50 50
pos/1221.jpg 1 0 0 50 50
pos/1222.jpg 1 0 0 50 50
pos/1223.jpg 1 0 0 50 50
pos/1224.jpg 1 0 0 50 50
pos/1225.jpg 1 0 0 50 50
pos/1226.jpg 1 0 0 50 50
pos/1227.jpg 1 0 0 50 50
pos/1228.jpg 1 0 0 50 50
pos/1229.jpg 1 0 0 50 50
pos/1230.jpg 1 0 0 50 50
pos/1231.jpg 1 0 0 50 50
pos/1232.jpg 1 0 0 50 50
pos/1233.jpg 1 0 0 50 50
pos/1234.jpg 1 0 0 50 50
pos/1235.jpg 1 0 0 50 50
pos/1236.jpg 1 0 0 50 50
pos/1237.jpg 1 0 0 50 50
pos/1238.jpg 1 0 0 50 50
pos/1239.jpg 1 0 0 50 50
pos/1240.jpg 1 0 0 50 50
pos/1241.jpg 1 0 0 50 50
pos/1242.jpg 1 0 0 50 50
pos/1243.jpg 1 0 0 50 50
pos/1244.jpg 1 0 0 50 50
pos/1245.jpg 1 0 0 50 50
pos/1246.jpg 1 0 0 50 50
pos/1247.jpg 1 0 0 50 50
pos/1248.jpg 1 0 0 50 50
pos/1249.jpg 1 0 0 50 50
pos/1250.jpg 1 0 0 50 50
pos/1251.jpg 1 0 0 50 50
pos/1252.jpg 1 0 0 50 50
pos/1253.jpg 1 0 0 50 50
pos/1254.jpg 1 0 0 50 50
pos/1255.jpg 1 0 0 50 50
pos/1256.jpg 1 0 0 50 50
pos/1257.jpg 1 0 0 50 50
pos/1258.jpg 1 0 0 50 50
pos/1259.jpg 1 0 0 50 50
pos/1260.jpg 1 0 0 50 50
pos/1261.jpg 1 0 0 50 50
pos/1262.jpg 1 0 0 50 50
pos/1263.jpg 1 0 0 50 50
pos/1264.jpg 1 0 0 50 50
pos/1265.jpg 1 0 0 50 50
pos/1266.jpg 1 0 0 50 50
pos/1267.jpg 1 0 0 50 50
pos/1268.jpg 1 0 0 50 50
pos/1269.jpg 1 0 0 50 50
pos/1270.jpg 1 0 0 50 50
pos/1271.jpg 1 0 0 50 50
pos/1272.jpg 1 0 0 50 50
pos/1273.jpg 1 0 0 50 50
pos/1274.jpg 1 0 0 50 50
pos/1275.jpg 1 0 0 50 50
pos/1276.jpg 1 0 0 50 50
pos/1277.jpg 1 0 0 50 50
pos/1278.jpg 1 0 0 50 50
pos/1279.jpg 1 0 0 50 50
pos/1280.jpg 1 0 0 50 50
pos/1281.jpg 1 0 0 50 50
pos/1282.jpg 1 0 0 50 50
pos/1283.jpg 1 0 0 50 50
pos/1284.jpg 1 0 0 50 50
pos/1285.jpg 1 0 0 50 50
pos/1286.jpg 1 0 0 50 50
pos/1287.jpg 1 0 0 50 50
pos/1288.jpg 1 0 0 50 50
pos/1289.jpg 1 0 0 50 50
pos/1290.jpg 1 0 0 50 50
pos/1291.jpg 1 0 0 50 50
pos/1292.jpg 1 0 0 50 50
pos/1293.jpg 1 0 0 50 50
pos/1294.jpg 1 0 0 50 50
pos/1295.jpg 1 0 0 50 50
pos/1296.jpg 1 0 0 50 50
pos/1297.jpg 1 0 0 50 50
pos/1298.jpg 1 0 0 50 50
pos/1299.jpg 1 0 0 50 50
pos/1300.jpg 1 0 0 50 50
pos/1301.jpg 1 0 0 50 50
pos/1302.jpg 1 0 0 50 50
pos/1303.jpg 1 0 0 50 50
pos/1304.jpg 1 0 0 50 50
pos/1305.jpg 1 0 0 50 50
pos/1306.jpg 1 0 0 50 50
pos/1307.jpg 1 0 0 50 50
pos/1308.jpg 1 0 0 50 50
pos/1309.jpg 1 0 0 50 50
pos/1310.jpg 1 0 0 50 50
pos/1311.jpg 1 0 0 50 50
pos/1312.jpg 1 0 0 50 50
pos/1313.jpg 1 0 0 50 50
pos/1314.jpg 1 0 0 50 50
pos/1315.jpg 1 0 0 50 50
pos/1316.jpg 1 0 0 50 50
pos/1317.jpg 1 0 0 50 50
pos/1318.jpg 1 0 0 50 50
pos/1319.jpg 1 0 0 50 50
pos/1320.jpg 1 0 0 50 50
pos/1321.jpg 1 0 0 50 50
pos/1322.jpg 1 0 0 50 50
pos/1323.jpg 1 0 0 50 50
pos/1324.jpg 1 0 0 50 50
pos/1325.jpg 1 0 0 50 50
pos/1326.jpg 1 0 0 50 50
pos/1327.jpg 1 0 0 50 50
pos/1328.jpg 1 0 0 50 50
pos/1329.jpg 1 0 0 50 50
pos/1330.jpg 1 0 0 50 50
pos/1331.jpg 1 0 0 50 50
pos/1332.jpg 1 0 0 50 50
pos/1333.jpg 1 0 0 50 50
pos/1334.jpg 1 0 0 50 50
pos/1335.jpg 1 0 0 50 50
pos/1336.jpg 1 0 0 50 50
pos/1337.jpg 1 0 0 50 50
pos/1338.jpg 1 0 0 50 50
pos/1339.jpg 1 0 0 50 50
pos/1340.jpg 1 0 0 50 50
pos/1341.jpg 1 0 0 50 50
pos/1342.jpg 1 0 0 50 50
pos/1343.jpg 1 0 0 50 50
pos/1344.jpg 1 0 0 50 50
pos/1345.jpg 1 0 0 50 50
pos/1346.jpg 1 0 0 50 50
pos/1347.jpg 1 0 0 50 50
pos/1348.jpg 1 0 0 50 50
pos/1349.jpg 1 0 0 50 50
pos/1350.jpg 1 0 0 50 50
pos/1351.jpg 1 0 0 50 50
pos/1352.jpg 1 0 0 50 50
pos/1353.jpg 1 0 0 50 50
pos/1354.jpg 1 0 0 50 50
pos/1355.jpg 1 0 0 50 50
pos/1356.jpg 1 0 0 50 50
pos/1357.jpg 1 0 0 50 50
pos/1358.jpg 1 0 0 50 50
pos/1359.jpg 1 0 0 50 50
pos/1360.jpg 1 0 0 50 50
pos/1361.jpg 1 0 0 50 50
pos/1362.jpg 1 0 0 50 50
pos/1363.jpg 1 0 0 50 50
pos/1364.jpg 1 0 0 50 50
pos/1365.jpg 1 0 0 50 50
pos/1366.jpg 1 0 0 50 50
pos/1367.jpg 1 0 0 50 50
pos/1368.jpg 1 0 0 50 50
pos/1369.jpg 1 0 0 50 50
pos/1370.jpg 1 0 0 50 50
pos/1371.jpg 1 0 0 50 50
pos/1372.jpg 1 0 0 50 50
pos/1373.jpg 1 0 0 50 50
pos/1374.jpg 1 0 0 50 50
pos/1375.jpg 1 0 0 50 50
pos/1376.jpg 1 0 0 50 50
pos/1377.jpg 1 0 0 50 50
pos/1378.jpg 1 0 0 50 50
pos/1379.jpg 1 0 0 50 50
pos/1380.jpg 1 0 0 50 50
pos/1381.jpg 1 0 0 50 50
pos/1382.jpg 1 0 0 50 50
pos/1383.jpg 1 0 0 50 50
pos/1384.jpg 1 0 0 50 50
pos/1385.jpg 1 0 0 50 50
pos/1386.jpg 1 0 0 50 50
pos/1387.jpg 1 0 0 50 50
pos/1388.jpg 1 0 0 50 50
pos/1389.jpg 1 0 0 50 50
pos/1390.jpg 1 0 0 50 50
pos/1391.jpg 1 0 0 50 50
pos/1392.jpg 1 0 0 50 50
pos/1393.jpg 1 0 0 50 50
pos/1394.jpg 1 0 0 50 50
pos/1395.jpg 1 0 0 50 50
pos/1396.jpg 1 0 0 50 50
pos/1397.jpg 1 0 0 50 50
pos/1398.jpg 1 0 0 50 50
pos/1399.jpg 1 0 0 50 50
pos/1400.jpg 1 0 0 50 50
pos/1401.jpg 1 0 0 50 50
pos/1402.jpg 1 0 0 50 50
pos/1403.jpg 1 0 0 50 50
pos/1404.jpg 1 0 0 50 50
pos/1405.jpg 1 0 0 50 50
pos/1406.jpg 1 0 0 50 50
pos/1407.jpg 1 0 0 50 50
pos/1408.jpg 1 0 0 50 50
pos/1409.jpg 1 0 0 50 50
pos/1410.jpg 1 0 0 50 50
pos/1411.jpg 1 0 0 50 50
pos/1412.jpg 1 0 0 50 50
pos/1413.jpg 1 0 0 50 50
pos/1414.jpg 1 0 0 50 50
pos/1415.jpg 1 0 0 50 50
pos/1416.jpg 1 0 0 50 50
pos/1417.jpg 1 0 0 50 50
pos/1418.jpg 1 0 0 50 50
pos/1419.jpg 1 0 0 50 50
pos/1420.jpg 1 0 0 50 50
pos/1421.jpg 1 0 0 50 50
pos/1422.jpg 1 0 0 50 50
pos/1423.jpg 1 0 0 50 50
pos/1424.jpg 1 0 0 50 50
pos/1425.jpg 1 0 0 50 50
pos/1426.jpg 1 0 0 50 50
pos/1427.jpg 1 0 0 50 50
pos/1428.jpg 1 0 0 50 50
pos/1429.jpg 1 0 0 50 50
pos/1430.jpg 1 0 0 50 50
pos/1431.jpg 1 0 0 50 50
pos/1432.jpg 1 0 0 50 50
pos/1433.jpg 1 0 0 50 50
pos/1434.jpg 1 0 0 50 50
pos/1435.jpg 1 0 0 50 50
pos/1436.jpg 1 0 0 50 50
pos/1437.jpg 1 0 0 50 50
pos/1438.jpg 1 0 0 50 50
pos/1439.jpg 1 0 0 50 50
pos/1440.jpg 1 0 0 50 50
pos/1441.jpg 1 0 0 50 50
pos/1442.jpg 1 0 0 50 50
pos/1443.jpg 1 0 0 50 50
pos/1444.jpg 1 0 0 50 50
pos/1445.jpg 1 0 0 50 50
pos/1446.jpg 1 0 0 50 50
pos/1447.jpg 1 0 0 50 50
pos/1448.jpg 1 0 0 50 50
pos/1449.jpg 1 0 0 50 50
pos/1450.jpg 1 0 0 50 50
pos/1451.jpg 1 0 0 50 50
pos/1452.jpg 1 0 0 50 50
pos/1453.jpg 1 0 0 50 50
pos/1454.jpg 1 0 0 50 50
pos/1455.jpg 1 0 0 50 50
pos/1456.jpg 1 0 0 50 50
pos/1457.jpg 1 0 0 50 50
pos/1458.jpg 1 0 0 50 50
pos/1459.jpg 1 0 0 50 50
pos/1460.jpg 1 0 0 50 50
pos/1461.jpg 1 0 0 50 50
pos/1462.jpg 1 0 0 50 50
pos/1463.jpg 1 0 0 50 50
pos/1464.jpg 1 0 0 50 50
pos/1465.jpg 1 0 0 50 50
pos/1466.jpg 1 0 0 50 50
pos/1467.jpg 1 0 0 50 50
pos/1468.jpg 1 0 0 50 50
pos/1469.jpg 1 0 0 50 50
pos/1470.jpg 1 0 0 50 50
pos/1471.jpg 1 0 0 50 50
pos/1472.jpg 1 0 0 50 50
pos/1473.jpg 1 0 0 50 50
pos/1474.jpg 1 0 0 50 50
pos/1475.jpg 1 0 0 50 50
pos/1476.jpg 1 0 0 50 50
pos/1477.jpg 1 0 0 50 50
pos/1478.jpg 1 0 0 50 50
pos/1479.jpg 1 0 0 50 50
pos/1480.jpg 1 0 0 50 50
pos/1481.jpg 1 0 0 50 50
pos/1482.jpg 1 0 0 50 50
pos/1483.jpg 1 0 0 50 50
pos/1484.jpg 1 0 0 50 50
pos/1485.jpg 1 0 0 50 50
pos/1486.jpg 1 0 0 50 50
pos/1487.jpg 1 0 0 50 50
pos/1488.jpg 1 0 0 50 50
pos/1489.jpg 1 0 0 50 50
pos/1490.jpg 1 0 0 50 50
pos/1491.jpg 1 0 0 50 50
pos/1492.jpg 1 0 0 50 50
pos/1493.jpg 1 0 0 50 50
pos/1494.jpg 1 0 0 50 50
pos/1495.jpg 1 0 0 50 50
pos/1496.jpg 1 0 0 50 50
pos/1497.jpg 1 0 0 50 50
pos/1498.jpg 1 0 0 50 50
pos/1499.jpg 1 0 0 50 50
pos/1500.jpg 1 0 0 50 50
pos/1501.jpg 1 0 0 50 50
pos/1502.jpg 1 0 0 50 50
pos/1503.jpg 1 0 0 50 50
pos/1504.jpg 1 0 0 50 50
pos/1505.jpg 1 0 0 50 50
pos/1506.jpg 1 0 0 50 50
pos/1507.jpg 1 0 0 50 50
pos/1508.jpg 1 0 0 50 50
pos/1509.jpg 1 0 0 50 50
pos/1510.jpg 1 0 0 50 50
pos/1511.jpg 1 0 0 50 50
pos/1512.jpg 1 0 0 50 50
pos/1513.jpg 1 0 0 50 50
pos/1514.jpg 1 0 0 50 50
pos/1515.jpg 1 0 0 50 50
pos/1516.jpg 1 0 0 50 50
pos/1517.jpg 1 0 0 50 50
pos/1518.jpg 1 0 0 50 50
pos/1519.jpg 1 0 0 50 50
pos/1520.jpg 1 0 0 50 50
pos/1521.jpg 1 0 0 50 50
